<?xml version="1.0" encoding="UTF-8"?>
<!-- Generated by org.testng.reporters.JUnitReportReporter -->
<testsuite skipped="0" hostname="Meghana-PC" name="script.TestDemo2" tests="1" failures="0" timestamp="25 Sep 2018 06:40:21 GMT" time="4.577" errors="0">
  <testcase name="test2" time="4.577" classname="script.TestDemo2"/>
</testsuite> <!-- script.TestDemo2 -->
