<?xml version="1.0" encoding="UTF-8"?>
<!-- Generated by org.testng.reporters.JUnitReportReporter -->
<testsuite skipped="0" hostname="Meghana-PC" name="script.TestDemo" tests="2" failures="0" timestamp="25 Sep 2018 06:24:15 GMT" time="40.220" errors="0">
  <testcase name="testA" time="16.952" classname="script.TestDemo"/>
  <testcase name="testA" time="23.268" classname="script.TestDemo"/>
</testsuite> <!-- script.TestDemo -->
